[0.609s] DEBUG:colcon:Command line arguments: ['/usr/local/bin/colcon', 'build']
[0.610s] DEBUG:colcon:Parsed command line arguments: Namespace(ament_cmake_args=None, base_paths='.', build_base='build', catkin_cmake_args=None, catkin_skip_building_tests=False, cmake_args=None, cmake_clean_cache=False, cmake_clean_first=False, cmake_force_configure=False, cmake_target=None, cmake_target_skip_unavailable=False, continue_on_error=False, event_handlers=None, executor='parallel', ignore_user_meta=False, install_base='install', log_base='log', log_level=None, main=<bound method BuildVerb.main of <colcon_core.verb.build.BuildVerb object at 0x7fab8a15a8d0>>, merge_install=False, metas='./colcon.meta', packages_above=None, packages_end=None, packages_ignore=None, packages_ignore_regex=None, packages_select=None, packages_select_build_failed=False, packages_select_by_dep=None, packages_select_regex=None, packages_select_test_failures=False, packages_skip=None, packages_skip_build_finished=False, packages_skip_by_dep=None, packages_skip_regex=None, packages_skip_test_passed=False, packages_skip_up_to=None, packages_start=None, packages_up_to=None, parallel_workers=4, paths=None, symlink_install=False, test_result_base=None, verb_extension=<colcon_core.verb.build.BuildVerb object at 0x7fab8a15a8d0>, verb_name='build', verb_parser=<colcon_defaults.argument_parser.defaults.DefaultArgumentsDecorator object at 0x7fab8a036ba8>)
[0.678s] Level 1:colcon.colcon_core.package_discovery:discover_packages(colcon_meta) check parameters
[0.678s] Level 1:colcon.colcon_core.package_discovery:discover_packages(recursive) check parameters
[0.678s] Level 1:colcon.colcon_core.package_discovery:discover_packages(ignore) check parameters
[0.678s] Level 1:colcon.colcon_core.package_discovery:discover_packages(path) check parameters
[0.678s] Level 1:colcon.colcon_core.package_discovery:discover_packages(recursive) discover
[0.679s] INFO:colcon.colcon_core.package_discovery:Crawling recursively for packages in '/home/yuzhang/apollo_standalone/src/apollo/modules/planning/reference_line'
[0.679s] Level 1:colcon.colcon_core.package_identification:_identify(/home/yuzhang/apollo_standalone/src/apollo/modules/planning/reference_line) by extensions ['ignore', 'ignore_ament_install']
[0.679s] Level 1:colcon.colcon_core.package_identification:_identify(/home/yuzhang/apollo_standalone/src/apollo/modules/planning/reference_line) by extension 'ignore'
[0.679s] Level 1:colcon.colcon_core.package_identification:_identify(/home/yuzhang/apollo_standalone/src/apollo/modules/planning/reference_line) by extension 'ignore_ament_install'
[0.679s] Level 1:colcon.colcon_core.package_identification:_identify(/home/yuzhang/apollo_standalone/src/apollo/modules/planning/reference_line) by extensions ['colcon_pkg']
[0.679s] Level 1:colcon.colcon_core.package_identification:_identify(/home/yuzhang/apollo_standalone/src/apollo/modules/planning/reference_line) by extension 'colcon_pkg'
[0.680s] Level 1:colcon.colcon_core.package_identification:_identify(/home/yuzhang/apollo_standalone/src/apollo/modules/planning/reference_line) by extensions ['colcon_meta']
[0.680s] Level 1:colcon.colcon_core.package_identification:_identify(/home/yuzhang/apollo_standalone/src/apollo/modules/planning/reference_line) by extension 'colcon_meta'
[0.680s] Level 1:colcon.colcon_core.package_identification:_identify(/home/yuzhang/apollo_standalone/src/apollo/modules/planning/reference_line) by extensions ['ros']
[0.680s] Level 1:colcon.colcon_core.package_identification:_identify(/home/yuzhang/apollo_standalone/src/apollo/modules/planning/reference_line) by extension 'ros'
[0.689s] Level 1:colcon.colcon_core.package_identification:_identify(/home/yuzhang/apollo_standalone/src/apollo/modules/planning/reference_line) by extensions ['cmake', 'python']
[0.689s] Level 1:colcon.colcon_core.package_identification:_identify(/home/yuzhang/apollo_standalone/src/apollo/modules/planning/reference_line) by extension 'cmake'
[0.692s] Level 1:colcon.colcon_core.package_identification:_identify(/home/yuzhang/apollo_standalone/src/apollo/modules/planning/reference_line) by extension 'python'
[0.692s] DEBUG:colcon.colcon_core.package_identification:Package '/home/yuzhang/apollo_standalone/src/apollo/modules/planning/reference_line' with type 'cmake' and name 'reference_line'
[0.692s] Level 1:colcon.colcon_core.package_discovery:discover_packages(recursive) using defaults
[0.720s] Level 5:colcon.colcon_core.verb:set package 'reference_line' build argument 'cmake_args' from command line to 'None'
[0.721s] Level 5:colcon.colcon_core.verb:set package 'reference_line' build argument 'cmake_target' from command line to 'None'
[0.721s] Level 5:colcon.colcon_core.verb:set package 'reference_line' build argument 'cmake_target_skip_unavailable' from command line to 'False'
[0.721s] Level 5:colcon.colcon_core.verb:set package 'reference_line' build argument 'cmake_clean_cache' from command line to 'False'
[0.721s] Level 5:colcon.colcon_core.verb:set package 'reference_line' build argument 'cmake_clean_first' from command line to 'False'
[0.721s] Level 5:colcon.colcon_core.verb:set package 'reference_line' build argument 'cmake_force_configure' from command line to 'False'
[0.721s] Level 5:colcon.colcon_core.verb:set package 'reference_line' build argument 'ament_cmake_args' from command line to 'None'
[0.721s] Level 5:colcon.colcon_core.verb:set package 'reference_line' build argument 'catkin_cmake_args' from command line to 'None'
[0.721s] Level 5:colcon.colcon_core.verb:set package 'reference_line' build argument 'catkin_skip_building_tests' from command line to 'False'
[0.721s] DEBUG:colcon.colcon_core.verb:Building package 'reference_line' with the following arguments: {'ament_cmake_args': None, 'build_base': '/home/yuzhang/apollo_standalone/src/apollo/modules/planning/reference_line/build/reference_line', 'catkin_cmake_args': None, 'catkin_skip_building_tests': False, 'cmake_args': None, 'cmake_clean_cache': False, 'cmake_clean_first': False, 'cmake_force_configure': False, 'cmake_target': None, 'cmake_target_skip_unavailable': False, 'install_base': '/home/yuzhang/apollo_standalone/src/apollo/modules/planning/reference_line/install/reference_line', 'merge_install': False, 'path': '/home/yuzhang/apollo_standalone/src/apollo/modules/planning/reference_line', 'symlink_install': False, 'test_result_base': None}
[0.741s] INFO:colcon.colcon_core.executor:Executing jobs using 'parallel' executor
[0.741s] DEBUG:colcon.colcon_parallel_executor.executor.parallel:run_until_complete
[0.742s] INFO:colcon.colcon_cmake.task.cmake.build:Building CMake package in '/home/yuzhang/apollo_standalone/src/apollo/modules/planning/reference_line'
[0.757s] INFO:colcon.colcon_core.plugin_system:Skipping extension 'colcon_core.shell.bat': Not used on non-Windows systems
[0.757s] INFO:colcon.colcon_core.shell:Skip shell extension 'powershell' for command environment: Not usable outside of PowerShell
[0.787s] DEBUG:colcon.colcon_core.event_handler.log_command:Invoking command in '/home/yuzhang/apollo_standalone/src/apollo/modules/planning/reference_line/build/reference_line': /usr/bin/cmake /home/yuzhang/apollo_standalone/src/apollo/modules/planning/reference_line -DCMAKE_INSTALL_PREFIX=/home/yuzhang/apollo_standalone/src/apollo/modules/planning/reference_line/install/reference_line
[2.387s] DEBUG:colcon.colcon_core.event_handler.log_command:Invoked command in '/home/yuzhang/apollo_standalone/src/apollo/modules/planning/reference_line/build/reference_line' returned '1': /usr/bin/cmake /home/yuzhang/apollo_standalone/src/apollo/modules/planning/reference_line -DCMAKE_INSTALL_PREFIX=/home/yuzhang/apollo_standalone/src/apollo/modules/planning/reference_line/install/reference_line
[2.391s] DEBUG:colcon.colcon_parallel_executor.executor.parallel:closing loop
[2.391s] DEBUG:colcon.colcon_parallel_executor.executor.parallel:loop closed
[2.391s] DEBUG:colcon.colcon_parallel_executor.executor.parallel:run_until_complete finished with '1'
[2.392s] DEBUG:colcon.colcon_core.event_reactor:joining thread
[2.424s] INFO:colcon.colcon_core.plugin_system:Skipping extension 'colcon_notification.desktop_notification.terminal_notifier': Not used on non-Darwin systems
[2.424s] INFO:colcon.colcon_core.plugin_system:Skipping extension 'colcon_notification.desktop_notification.win32': Not used on non-Windows systems
[2.433s] INFO:colcon.colcon_notification.desktop_notification:Sending desktop notification using 'notify2'
[2.524s] DEBUG:colcon.colcon_core.event_reactor:joined thread
[2.536s] INFO:colcon.colcon_core.shell:Creating prefix script '/home/yuzhang/apollo_standalone/src/apollo/modules/planning/reference_line/install/local_setup.ps1'
[2.538s] INFO:colcon.colcon_core.shell:Creating prefix chain script '/home/yuzhang/apollo_standalone/src/apollo/modules/planning/reference_line/install/setup.ps1'
[2.549s] INFO:colcon.colcon_core.shell:Creating prefix script '/home/yuzhang/apollo_standalone/src/apollo/modules/planning/reference_line/install/local_setup.sh'
[2.550s] INFO:colcon.colcon_core.shell:Creating prefix chain script '/home/yuzhang/apollo_standalone/src/apollo/modules/planning/reference_line/install/setup.sh'
[2.557s] INFO:colcon.colcon_core.shell:Creating prefix script '/home/yuzhang/apollo_standalone/src/apollo/modules/planning/reference_line/install/local_setup.bash'
[2.560s] INFO:colcon.colcon_core.shell:Creating prefix chain script '/home/yuzhang/apollo_standalone/src/apollo/modules/planning/reference_line/install/setup.bash'
[2.569s] INFO:colcon.colcon_core.shell:Creating prefix script '/home/yuzhang/apollo_standalone/src/apollo/modules/planning/reference_line/install/local_setup.zsh'
[2.569s] INFO:colcon.colcon_core.shell:Creating prefix chain script '/home/yuzhang/apollo_standalone/src/apollo/modules/planning/reference_line/install/setup.zsh'
